Arguments: 
  D:\nodejs\node.exe C:\Users\阿仓\AppData\Roaming\npm\node_modules\yarn\bin\yarn.js install --production --ignore-optional --silent

PATH: 
  C:\Program Files (x86)\Microsoft\Edge\Application;C:\Program Files\NVIDIA GPU Computing Toolkit\CUDA\v11.6\bin;C:\Program Files\NVIDIA GPU Computing Toolkit\CUDA\v11.6\libnvvp;D:\apache-maven-3.9.2\bin;C:\Program Files\Python38\Scripts\;C:\Program Files\Python38\;C:\Program Files\Common Files\Oracle\Java\javapath;C:\Windows\system32;C:\Windows;C:\Windows\System32\Wbem;C:\Windows\System32\WindowsPowerShell\v1.0\;C:\Windows\System32\OpenSSH\;C:\Program Files (x86)\NVIDIA Corporation\PhysX\Common;C:\Program Files\NVIDIA Corporation\NVIDIA NvDLISR;D:\MATLAB\R2018a\runtime\win64;D:\MATLAB\R2018a\bin;D:\CMake\bin;D:\Git LFS;D:\nodejs\node_global\node_modules;C:\ProgramData\chocolatey\bin;D:\Qt\5.9\mingw53_32\bin;D:\Qt\Tools\mingw530_32\bin;C:\Program Files (x86)\x64\mingw\bin;D:\OpenCV454\opencv-4.5.4\opencv-4.5.4-release-x64-mingw53build\bin;D:\mysql-8.0.33-winx64\bin;D:\nodejs\;D:\MongoDB\bin;C:\Program Files\NVIDIA Corporation\Nsight Compute 2022.1.1\;C:\Program Files\Microsoft SQL Server\Client SDK\ODBC\130\Tools\Binn\;C:\Program Files (x86)\Microsoft SQL Server\140\Tools\Binn\;C:\Program Files\Microsoft SQL Server\140\Tools\Binn\;C:\Program Files\Microsoft SQL Server\140\DTS\Binn\;D:\sqlite;;%SystemRoot%\system32;%SystemRoot%;%SystemRoot%\System32\Wbem;%SYSTEMROOT%\System32\WindowsPowerShell\v1.0\;%SYSTEMROOT%\System32\OpenSSH\;C:\Program Files\MySQL\MySQL Shell 8.0\bin\;C:\Users\阿仓\.cargo\bin;C:\Users\阿仓\AppData\Local\Programs\Python\Python310\Scripts\;C:\Users\阿仓\AppData\Local\Programs\Python\Python310\;C:\Users\阿仓\AppData\Local\Microsoft\WindowsApps;D:\PyCharm 2021.2.3\bin;;D:\CodeBlocks\MinGW\bin;D:\CLion 2022.1\bin;;C:\Users\阿仓\AppData\Local\Pandoc\;D:\Microsoft VS Code\bin;D:\nodejs\node_global;D:\CMake\bin;C:\Users\阿仓\AppData\Roaming\npm;C:\Users\阿仓\AppData\Local\GitHubDesktop\bin;

Yarn version: 
  1.22.19

Node version: 
  20.9.0

Platform: 
  win32 x64

Trace: 
  Error: certificate has expired
      at TLSSocket.onConnectSecure (node:_tls_wrap:1659:34)
      at TLSSocket.emit (node:events:514:28)
      at TLSSocket._finishInit (node:_tls_wrap:1070:8)
      at ssl.onhandshakedone (node:_tls_wrap:856:12)

npm manifest: 
  {
    "name": "hexo-site",
    "version": "0.0.0",
    "private": true,
    "scripts": {
      "build": "hexo generate",
      "clean": "hexo clean",
      "deploy": "hexo deploy",
      "server": "hexo server"
    },
    "hexo": {
      "version": ""
    },
    "dependencies": {
      "hexo": "^6.3.0",
      "hexo-generator-archive": "^2.0.0",
      "hexo-generator-category": "^2.0.0",
      "hexo-generator-index": "^3.0.0",
      "hexo-generator-tag": "^2.0.0",
      "hexo-renderer-ejs": "^2.0.0",
      "hexo-renderer-marked": "^6.0.0",
      "hexo-renderer-stylus": "^2.1.0",
      "hexo-server": "^3.0.0",
      "hexo-theme-landscape": "^1.0.0"
    }
  }

yarn manifest: 
  No manifest

Lockfile: 
  No lockfile
